[debug] [2020-01-30T07:12:07.444Z] ----------------------------------------------------------------------
[debug] [2020-01-30T07:12:07.447Z] Command:       C:\Program Files\nodejs\node.exe C:\Users\lucia\AppData\Roaming\npm\node_modules\firebase-tools\lib\bin\firebase.js deploy
[debug] [2020-01-30T07:12:07.448Z] CLI Version:   6.10.0
[debug] [2020-01-30T07:12:07.448Z] Platform:      win32
[debug] [2020-01-30T07:12:07.448Z] Node Version:  v8.11.2
[debug] [2020-01-30T07:12:07.448Z] Time:          Thu Jan 30 2020 03:12:07 GMT-0400 (SA Western Standard Time)
[debug] [2020-01-30T07:12:07.448Z] ----------------------------------------------------------------------
[debug] 
[debug] [2020-01-30T07:12:07.456Z] > command requires scopes: ["email","openid","https://www.googleapis.com/auth/cloudplatformprojects.readonly","https://www.googleapis.com/auth/firebase","https://www.googleapis.com/auth/cloud-platform"]
[debug] [2020-01-30T07:12:07.457Z] > authorizing via signed-in user
[debug] [2020-01-30T07:12:07.457Z] [iam] checking project trabajo-de-grado-2019 for permissions ["firebase.projects.get","firebasehosting.sites.update"]
[debug] [2020-01-30T07:12:07.458Z] > refreshing access token with scopes: ["email","https://www.googleapis.com/auth/cloud-platform","https://www.googleapis.com/auth/cloudplatformprojects.readonly","https://www.googleapis.com/auth/firebase","openid"]
[debug] [2020-01-30T07:12:07.458Z] >>> HTTP REQUEST POST https://www.googleapis.com/oauth2/v3/token  
 <request body omitted>
[debug] [2020-01-30T07:12:07.915Z] <<< HTTP RESPONSE 200
[debug] [2020-01-30T07:12:07.923Z] >>> HTTP REQUEST POST https://cloudresourcemanager.googleapis.com/v1/projects/trabajo-de-grado-2019:testIamPermissions  

[debug] [2020-01-30T07:12:08.480Z] <<< HTTP RESPONSE 200
[debug] [2020-01-30T07:12:08.481Z] >>> HTTP REQUEST GET https://firebase.googleapis.com/v1beta1/projects/trabajo-de-grado-2019  
 
[debug] [2020-01-30T07:12:09.047Z] <<< HTTP RESPONSE 200
[info] 
[info] === Deploying to 'trabajo-de-grado-2019'...
[info] 
[info] i  deploying hosting
[debug] [2020-01-30T07:12:09.057Z] >>> HTTP REQUEST POST https://firebasehosting.googleapis.com/v1beta1/sites/trabajo-de-grado-2019/versions  

